<?xml version="1.0" encoding="UTF-8"?>
<testsuites name="jest tests" tests="2" failures="0" errors="0" time="7.703">
  <testsuite name="undefined" errors="0" failures="0" skipped="0" timestamp="2025-09-18T11:09:43" time="7.598" tests="2">
    <testcase classname="" name="TEST-CONTAINERS: POST /todos then GET /todos should include created todo" time="0.041">
    </testcase>
    <testcase classname="" name="TEST-CONTAINERS: GET /health returns ok" time="0.003">
    </testcase>
  </testsuite>
</testsuites>